<?xml version="1.0" encoding="UTF-8"?>
<!-- Generated by org.testng.reporters.JUnitReportReporter -->
<testsuite hostname="WINDOWS-SBEN25R" failures="0" tests="4" name="api.testcases.UserTestDD" time="7.894" errors="0" timestamp="2025-03-31T14:02:21 IST" skipped="0">
  <testcase classname="api.testcases.UserTestDD" name="testDeletetUser" time="1.522"/>
  <testcase classname="api.testcases.UserTestDD" name="testDeletetUser" time="1.588"/>
  <testcase classname="api.testcases.UserTestDD" name="testDeletetUser" time="1.434"/>
  <testcase classname="api.testcases.UserTestDD" name="testDeletetUser" time="3.350"/>
</testsuite> <!-- api.testcases.UserTestDD -->
