<?xml version="1.0" encoding="UTF-8"?>
<!-- Generated by org.testng.reporters.JUnitReportReporter -->
<testsuite hostname="WINDOWS-SBEN25R" failures="0" tests="4" name="api.testcases.UserTest" time="8.157" errors="0" timestamp="2025-03-29T22:50:55 IST" skipped="0">
  <testcase classname="api.testcases.UserTest" name="testCreatUser" time="3.389"/>
  <testcase classname="api.testcases.UserTest" name="testGetUserData" time="1.296"/>
  <testcase classname="api.testcases.UserTest" name="testUpdatetUser" time="2.319"/>
  <testcase classname="api.testcases.UserTest" name="testDeletetUser" time="1.153"/>
</testsuite> <!-- api.testcases.UserTest -->
