<?xml version="1.0" encoding="UTF-8"?>
<!-- Generated by org.testng.reporters.JUnitReportReporter -->
<testsuite hostname="WINDOWS-SBEN25R" failures="0" tests="4" name="api.testcases.UserTest" time="11.612" errors="0" timestamp="2025-03-31T16:14:34 IST" skipped="0">
  <testcase classname="api.testcases.UserTest" name="testCreateUser" time="5.177"/>
  <testcase classname="api.testcases.UserTest" name="testGetUserData" time="1.644"/>
  <testcase classname="api.testcases.UserTest" name="testUpdatetUser" time="3.184"/>
  <testcase classname="api.testcases.UserTest" name="testDeletetUser" time="1.607"/>
</testsuite> <!-- api.testcases.UserTest -->
